repo-master/app/msngr/andi/build/outputs/logs/manifest-merger-debug-report.txt
-- Merging decision tree log ---
manifest
ADDED from AndroidManifest.xml:2:1
	xmlns:android
		ADDED from AndroidManifest.xml:2:11
	package
		ADDED from AndroidManifest.xml:3:5
	android:versionName
		ADDED from AndroidManifest.xml:5:5
	android:versionCode
		ADDED from AndroidManifest.xml:4:5
		INJECTED from AndroidManifest.xml:0:0
		INJECTED from AndroidManifest.xml:0:0
uses-sdk
ADDED from AndroidManifest.xml:7:5
MERGED from repo-master.plat.base:andi:unspecified:7:5
	android:targetSdkVersion
		ADDED from AndroidManifest.xml:9:9
	android:minSdkVersion
		ADDED from AndroidManifest.xml:8:9
uses-permission#de.tubs.ibr.dtn.permission.DTN_COMMUNICATION
ADDED from AndroidManifest.xml:11:5
MERGED from repo-master.plat.base:andi:unspecified:11:5
	android:name
		ADDED from AndroidManifest.xml:11:22
uses-permission#in.swifiic.plat.app.suta.andi.USER
ADDED from AndroidManifest.xml:12:5
MERGED from repo-master.plat.base:andi:unspecified:12:5
	android:name
		ADDED from AndroidManifest.xml:12:22
uses-permission#android.permission.READ_EXTERNAL_STORAGE
ADDED from AndroidManifest.xml:13:5
	android:name
		ADDED from AndroidManifest.xml:13:22
application
ADDED from AndroidManifest.xml:15:5
MERGED from repo-master.plat.base:andi:unspecified:15:5
	android:label
		ADDED from AndroidManifest.xml:18:9
	android:allowBackup
		ADDED from AndroidManifest.xml:16:9
	android:icon
		ADDED from AndroidManifest.xml:17:9
	android:theme
		ADDED from AndroidManifest.xml:19:9
activity#in.swifiic.app.msngr.andi.MainActivity
ADDED from AndroidManifest.xml:20:9
	android:windowSoftInputMode
		ADDED from AndroidManifest.xml:25:13
	android:screenOrientation
		ADDED from AndroidManifest.xml:23:13
	android:label
		ADDED from AndroidManifest.xml:22:13
	android:parentActivityName
		ADDED from AndroidManifest.xml:24:13
	android:name
		ADDED from AndroidManifest.xml:21:13
service#in.swifiic.plat.helper.andi.GenericService
ADDED from AndroidManifest.xml:27:9
MERGED from repo-master.plat.base:andi:unspecified:20:9
	android:name
		ADDED from AndroidManifest.xml:27:18
activity#in.swifiic.plat.helper.andi.ui.UserChooserActivity
ADDED from AndroidManifest.xml:29:9
MERGED from repo-master.plat.base:andi:unspecified:16:9
	android:screenOrientation
		ADDED from AndroidManifest.xml:32:13
	android:label
		ADDED from AndroidManifest.xml:31:13
	android:name
		ADDED from AndroidManifest.xml:30:13
activity#in.swifiic.app.msngr.andi.SettingsActivity
ADDED from AndroidManifest.xml:33:9
	android:screenOrientation
		ADDED from AndroidManifest.xml:37:13
	android:label
		ADDED from AndroidManifest.xml:35:13
	android:parentActivityName
		ADDED from AndroidManifest.xml:36:13
	android:name
		ADDED from AndroidManifest.xml:34:13
meta-data#android.support.PARENT_ACTIVITY
ADDED from AndroidManifest.xml:38:13
	android:name
		ADDED from AndroidManifest.xml:39:17
	android:value
		ADDED from AndroidManifest.xml:40:17
receiver#in.swifiic.plat.helper.andi.IBRDtnReceiver
ADDED from AndroidManifest.xml:43:9
MERGED from repo-master.plat.base:andi:unspecified:23:9
	android:exported
		ADDED from AndroidManifest.xml:46:13
	android:enabled
		ADDED from AndroidManifest.xml:45:13
	android:permission
		ADDED from AndroidManifest.xml:47:13
	android:name
		ADDED from AndroidManifest.xml:44:13
intent-filter#de.tubs.ibr.dtn.intent.RECEIVE+in.swifiic.app.msngr.andi
ADDED from AndroidManifest.xml:50:13
action#de.tubs.ibr.dtn.intent.RECEIVE
ADDED from AndroidManifest.xml:51:17
	android:name
		ADDED from AndroidManifest.xml:51:25
category#in.swifiic.app.msngr.andi
ADDED from AndroidManifest.xml:53:17
	android:name
		ADDED from AndroidManifest.xml:53:27
intent-filter#de.tubs.ibr.dtn.intent.STATUS_REPORT+in.swifiic.app.msngr.andi
ADDED from AndroidManifest.xml:56:13
action#de.tubs.ibr.dtn.intent.STATUS_REPORT
ADDED from AndroidManifest.xml:57:17
	android:name
		ADDED from AndroidManifest.xml:57:25
receiver#in.swifiic.plat.helper.andi.HubAddressReceiver
ADDED from AndroidManifest.xml:62:9
MERGED from repo-master.plat.base:andi:unspecified:38:9
	android:name
		ADDED from AndroidManifest.xml:62:19
intent-filter#swifiic.suta.hubAddressUpdate
ADDED from AndroidManifest.xml:63:13
action#swifiic.suta.hubAddressUpdate
ADDED from AndroidManifest.xml:64:17
	android:name
		ADDED from AndroidManifest.xml:64:25
receiver#in.swifiic.app.msngr.andi.NewMessageReceiver
ADDED from AndroidManifest.xml:68:9
	android:name
		ADDED from AndroidManifest.xml:68:19
intent-filter#in.swifiic.app.DATA_RECEIVED
ADDED from AndroidManifest.xml:69:13
action#in.swifiic.app.DATA_RECEIVED
ADDED from AndroidManifest.xml:70:17
	android:name
		ADDED from AndroidManifest.xml:70:25
activity#in.swifiic.app.msngr.andi.ChatSummary
ADDED from AndroidManifest.xml:75:9
	android:label
		ADDED from AndroidManifest.xml:77:13
	android:name
		ADDED from AndroidManifest.xml:76:13
intent-filter#android.intent.action.MAIN+android.intent.category.LAUNCHER
ADDED from AndroidManifest.xml:78:13
action#android.intent.action.MAIN
ADDED from AndroidManifest.xml:79:17
	android:name
		ADDED from AndroidManifest.xml:79:25
category#android.intent.category.LAUNCHER
ADDED from AndroidManifest.xml:81:17
	android:name
		ADDED from AndroidManifest.xml:81:27
uses-permission#android.permission.WRITE_EXTERNAL_STORAGE
ADDED from repo-master.plat.base:andi:unspecified:13:5
	android:name
		ADDED from repo-master.plat.base:andi:unspecified:13:22
intent-filter#de.tubs.ibr.dtn.intent.RECEIVE
ADDED from repo-master.plat.base:andi:unspecified:30:13
intent-filter#de.tubs.ibr.dtn.intent.STATUS_REPORT
ADDED from repo-master.plat.base:andi:unspecified:34:13